<?xml version="1.0" encoding="UTF-8"?>
<!-- Generated by org.testng.reporters.JUnitReportReporter -->
<testsuite skipped="0" hostname="DESKTOP-DKHP1QL" name="com.statista.tests.LoginTest" tests="1" failures="0" timestamp="03 Mar 2018 22:57:36 GMT" time="6.225" errors="0">
  <testcase name="positiveLoginTest" time="6.225" classname="com.statista.tests.LoginTest"/>
</testsuite> <!-- com.statista.tests.LoginTest -->
