<?xml version="1.0" encoding="UTF-8"?>
<!-- Generated by org.testng.reporters.JUnitReportReporter -->
<testsuite skipped="0" hostname="DESKTOP-DKHP1QL" name="com.statista.tests.registration.LoginTest" tests="1" failures="0" timestamp="04 Mar 2018 18:14:35 GMT" time="6.293" errors="0">
  <testcase name="positiveLoginTest" time="6.293" classname="com.statista.tests.registration.LoginTest"/>
</testsuite> <!-- com.statista.tests.registration.LoginTest -->
