<?xml version="1.0" encoding="UTF-8"?>
<!-- Generated by org.testng.reporters.JUnitReportReporter -->
<testsuite skipped="0" hostname="DESKTOP-DKHP1QL" name="com.statista.tests.search.SearchTest" tests="1" failures="0" timestamp="04 Mar 2018 18:14:35 GMT" time="3.429" errors="0">
  <testcase name="searchTest" time="3.429" classname="com.statista.tests.search.SearchTest"/>
</testsuite> <!-- com.statista.tests.search.SearchTest -->
