<?xml version="1.0" encoding="UTF-8"?>
<!-- Generated by org.testng.reporters.JUnitReportReporter -->
<testsuite skipped="0" hostname="DESKTOP-DKHP1QL" name="com.statista.tests.search.ContactusTest" tests="1" failures="0" timestamp="04 Mar 2018 04:14:02 GMT" time="1.575" errors="0">
  <testcase name="contactusTest" time="1.575" classname="com.statista.tests.search.ContactusTest"/>
</testsuite> <!-- com.statista.tests.search.ContactusTest -->
