<?xml version="1.0" encoding="UTF-8"?>
<!-- Generated by org.testng.reporters.JUnitReportReporter -->
<testsuite skipped="0" hostname="DESKTOP-DKHP1QL" name="com.statista.tests.search.CountryCheckBoxTests" tests="1" failures="0" timestamp="04 Mar 2018 16:00:08 GMT" time="7.690" errors="0">
  <testcase name="checkBoxCountryTest" time="7.690" classname="com.statista.tests.search.CountryCheckBoxTests"/>
</testsuite> <!-- com.statista.tests.search.CountryCheckBoxTests -->
