<?xml version="1.0" encoding="UTF-8"?>
<!-- Generated by org.testng.reporters.JUnitReportReporter -->
<testsuite skipped="0" hostname="DESKTOP-DKHP1QL" name="com.statista.tests.search.CountryCheckBoxTests" tests="1" failures="0" timestamp="06 Mar 2018 02:53:58 GMT" time="8.566" errors="0">
  <testcase name="positiveTestForNorthAmericaRegionSelectBox" time="8.566" classname="com.statista.tests.search.CountryCheckBoxTests"/>
</testsuite> <!-- com.statista.tests.search.CountryCheckBoxTests -->
